[23:13:44] [main/INFO]: Loading for game Minecraft 1.14.2
[23:13:44] [main/INFO]: [FabricLoader] Loading 26 mods: fabric-renderer-api-v1@0.1.0+02a46d5b, fabric-networking-blockentity-v0@0.1.1+25fd0c52, fabric-keybindings-v0@0.1.0+59147463, fabricloader@0.4.8+build.154, fabric-renderer-indigo@0.1.4+9ff0718a, ushanka@${version}, fabric-containers-v0@0.1.2+25fd0c52, fabric-crash-report-info-v1@0.1.0+59147463, fabric-events-interaction-v0@0.1.0+59147463, fabric-api-base@0.1.0+59147463, fabric-rendering-v0@0.1.0+59147463, fabric-rendering-data-attachment-v1@0.1.0+02a46d5b, fabric-resource-loader-v0@0.1.1+59147463, fabric-textures-v0@0.1.4+792c1c35, fabric-content-registries-v0@0.1.1+45e1a1c8, fabric-tag-extensions-v0@0.1.0+59147463, fabric-rendering-fluids-v1@0.1.0+dc4c57c2, fabric-commands-v0@0.1.1+25fd0c52, fabric-registry-sync-v0@0.2.1+4d26f9ba, fabric-mining-levels-v0@0.1.0+59147463, fabric-events-lifecycle-v0@0.1.0+59147463, fabric@0.3.0+build.176, fabric-models-v0@0.1.0+59147463, fabric-item-groups-v0@0.1.0+59147463, fabric-networking-v0@0.1.2+200eb5c2, fabric-object-builders-v0@0.1.1+9fe2f882
[23:13:44] [main/WARN]: Mod `ushanka` (${version}) does not respect SemVer - comparison support is limited.
[23:13:44] [main/INFO]: SpongePowered MIXIN Subsystem Version=0.7.11 Source=file:/C:/Users/Jacob/.gradle/caches/modules-2/files-2.1/net.fabricmc/sponge-mixin/0.7.11.36/b0d9944f2b77f1ce952a1179e595037332910a82/sponge-mixin-0.7.11.36.jar Service=Knot/Fabric Env=CLIENT
[23:13:44] [main/INFO]: Loaded Fabric development mappings for mixin remapper!
[23:13:44] [main/INFO]: Compatibility level set to JAVA_8
[23:13:44] [main/WARN]: Mixin config fabric-networking-v0.mixins.json does not specify "minVersion" property
[23:13:44] [main/WARN]: Mixin config fabric-networking-blockentity-v0.mixins.json does not specify "minVersion" property
[23:13:44] [main/WARN]: Mixin config fabric-resource-loader-v0.mixins.json does not specify "minVersion" property
[23:13:44] [main/WARN]: Mixin config fabric-mining-levels-v0.mixins.json does not specify "minVersion" property
[23:13:44] [main/WARN]: Mixin config fabric-containers-v0.mixins.json does not specify "minVersion" property
[23:13:44] [main/WARN]: Mixin config fabric-rendering-v0.mixins.json does not specify "minVersion" property
[23:13:44] [main/WARN]: Mixin config fabric-object-builders-v0.mixins.json does not specify "minVersion" property
[23:13:44] [main/WARN]: Mixin config fabric-renderer-indigo.mixins.json does not specify "minVersion" property
[23:13:44] [main/WARN]: Mixin config fabric-rendering-data-attachment-v1.mixins.json does not specify "minVersion" property
[23:13:44] [main/WARN]: Mixin config ushanka.mixins.json does not specify "minVersion" property
[23:13:44] [main/WARN]: Mixin config fabric-item-groups-v0.mixins.json does not specify "minVersion" property
[23:13:44] [main/WARN]: Mixin config fabric-events-interaction-v0.mixins.json does not specify "minVersion" property
[23:13:44] [main/WARN]: Mixin config fabric-content-registries-v0.mixins.json does not specify "minVersion" property
[23:13:44] [main/WARN]: Mixin config fabric-textures-v0.mixins.json does not specify "minVersion" property
[23:13:44] [main/WARN]: Mixin config fabric-registry-sync-v0.mixins.json does not specify "minVersion" property
[23:13:44] [main/WARN]: Mixin config fabric-models-v0.mixins.json does not specify "minVersion" property
[23:13:44] [main/WARN]: Mixin config fabric-keybindings-v0.mixins.json does not specify "minVersion" property
[23:13:44] [main/WARN]: Mixin config fabric-crash-report-info-v1.mixins.json does not specify "minVersion" property
[23:13:44] [main/WARN]: Mixin config fabric-renderer-api-v1.debughud.mixins.json does not specify "minVersion" property
[23:13:44] [main/WARN]: Mixin config fabric-containers-v0.accurate.mixins.json does not specify "minVersion" property
[23:13:44] [main/WARN]: Mixin config fabric-events-lifecycle-v0.mixins.json does not specify "minVersion" property
[23:13:44] [main/WARN]: Mixin config fabric-commands-v0.mixins.json does not specify "minVersion" property
[23:13:44] [main/WARN]: Mixin config fabric-renderer-api-v1.mixins.json does not specify "minVersion" property
[23:13:44] [main/WARN]: Mixin config fabric-rendering-fluids-v1.mixins.json does not specify "minVersion" property
[23:13:45] [main/INFO]: Remapping refMap fabric-networking-v0-refmap.json using remapper chain
[23:13:45] [main/INFO]: Remapping refMap fabric-networking-blockentity-v0-refmap.json using remapper chain
[23:13:45] [main/INFO]: Remapping refMap fabric-resource-loader-v0-refmap.json using remapper chain
[23:13:45] [main/INFO]: Remapping refMap fabric-mining-levels-v0-refmap.json using remapper chain
[23:13:45] [main/INFO]: Remapping refMap fabric-containers-v0-refmap.json using remapper chain
[23:13:45] [main/INFO]: Remapping refMap fabric-rendering-v0-refmap.json using remapper chain
[23:13:45] [main/INFO]: Remapping refMap fabric-object-builders-v0-refmap.json using remapper chain
[23:13:45] [main/INFO]: Remapping refMap fabric-renderer-indigo-refmap.json using remapper chain
[23:13:45] [main/INFO]: Remapping refMap fabric-rendering-data-attachment-v1-refmap.json using remapper chain
[23:13:45] [main/INFO]: Remapping refMap fabric-item-groups-v0-refmap.json using remapper chain
[23:13:45] [main/INFO]: Remapping refMap fabric-events-interaction-v0-refmap.json using remapper chain
[23:13:45] [main/INFO]: Remapping refMap fabric-content-registries-v0-refmap.json using remapper chain
[23:13:45] [main/INFO]: Remapping refMap fabric-textures-v0-refmap.json using remapper chain
[23:13:45] [main/INFO]: Remapping refMap fabric-registry-sync-v0-refmap.json using remapper chain
[23:13:45] [main/INFO]: Remapping refMap fabric-models-v0-refmap.json using remapper chain
[23:13:45] [main/INFO]: Remapping refMap fabric-keybindings-v0-refmap.json using remapper chain
[23:13:45] [main/INFO]: Remapping refMap fabric-crash-report-info-v1-refmap.json using remapper chain
[23:13:45] [main/INFO]: Remapping refMap fabric-renderer-api-v1-refmap.json using remapper chain
[23:13:45] [main/INFO]: Remapping refMap fabric-containers-v0-refmap.json using remapper chain
[23:13:45] [main/INFO]: Remapping refMap fabric-events-lifecycle-v0-refmap.json using remapper chain
[23:13:45] [main/INFO]: Remapping refMap fabric-commands-v0-refmap.json using remapper chain
[23:13:45] [main/INFO]: Remapping refMap fabric-renderer-api-v1-refmap.json using remapper chain
[23:13:45] [main/INFO]: Remapping refMap fabric-rendering-fluids-v1-refmap.json using remapper chain
[23:13:46] [main/INFO]: Setting user: Player415
[23:13:51] [main/INFO]: [Indigo] Registering Indigo renderer!
[23:13:51] [main/WARN]: Skipping bad option: lastServer:
[23:13:51] [main/INFO]: LWJGL Version: 3.2.1 build 12
[23:13:55] [main/WARN]: ERROR : Couldn't load Narrator library : Unable to load library 'SAPIWrapper_x64': Can't obtain InputStream for win32-x86-64/SAPIWrapper_x64.dll
ERROR : Couldn't load Narrator library : Unable to load library 'SAPIWrapper_x86': Can't obtain InputStream for win32-x86-64/SAPIWrapper_x86.dll

[23:13:55] [main/INFO]: Built for minecraft version 1.14.2
[23:13:58] [Realms Notification Availability checker #1/INFO]: Could not authorize you against Realms server: Invalid session id
[23:14:00] [Server-Worker-7/WARN]: Codepoint '1ed0' declared multiple times in minecraft:textures/font/accented.png
[23:14:02] [Server-Worker-4/WARN]: Exception loading blockstate definition: ushanka:blockstates/hypergate.json: java.io.FileNotFoundException: ushanka:blockstates/hypergate.json
[23:14:02] [Server-Worker-4/WARN]: Exception loading blockstate definition: 'ushanka:blockstates/hypergate.json' missing model for variant: 'ushanka:hypergate#facing=east'
[23:14:02] [Server-Worker-4/WARN]: Exception loading blockstate definition: 'ushanka:blockstates/hypergate.json' missing model for variant: 'ushanka:hypergate#facing=south'
[23:14:02] [Server-Worker-4/WARN]: Exception loading blockstate definition: 'ushanka:blockstates/hypergate.json' missing model for variant: 'ushanka:hypergate#facing=north'
[23:14:02] [Server-Worker-4/WARN]: Exception loading blockstate definition: 'ushanka:blockstates/hypergate.json' missing model for variant: 'ushanka:hypergate#facing=west'
[23:14:02] [Server-Worker-4/WARN]: Exception loading blockstate definition: 'ushanka:blockstates/hypergate.json' missing model for variant: 'ushanka:hypergate#facing=up'
[23:14:02] [Server-Worker-4/WARN]: Exception loading blockstate definition: 'ushanka:blockstates/hypergate.json' missing model for variant: 'ushanka:hypergate#facing=down'
[23:14:03] [Server-Worker-4/WARN]: Unable to load model: 'ushanka:hypergate#inventory' referenced from: ushanka:hypergate#inventory: java.io.FileNotFoundException: ushanka:models/item/hypergate.json
[23:14:07] [main/INFO]: OpenAL initialized.
[23:14:07] [main/INFO]: Sound engine started
[23:14:07] [main/INFO]: Created: 1024x512 textures-atlas
[23:14:07] [main/INFO]: Created: 256x256 textures/particle-atlas
[23:14:07] [main/INFO]: Created: 256x256 textures/painting-atlas
[23:14:07] [main/INFO]: Created: 256x128 textures/mob_effect-atlas
[23:14:13] [main/INFO]: Stopping!
